<?xml version="1.0" encoding="UTF-8"?>
<!-- Generated by org.testng.reporters.JUnitXMLReporter -->
<testsuite ignored="0" hostname="DESKTOP-HBVJJ5B" failures="0" tests="4" name="Tutorials Ninja Automation Tests" time="30.106" errors="0" timestamp="2023-12-10T23:49:44 IST">
  <testcase classname="com.tutorialsNinja.testCases.Login" name="loginWithValidCredentials" time="1.164"/>
  <testcase classname="com.tutorialsNinja.testCases.Login" name="loginWithMultipleCredentials" time="1.128"/>
  <testcase classname="com.tutorialsNinja.testCases.Login" name="loginWithMultipleCredentials" time="1.251"/>
  <testcase classname="com.tutorialsNinja.testCases.Login" name="loginWithMultipleCredentials" time="1.136"/>
</testsuite> <!-- Tutorials Ninja Automation Tests -->
